<?xml version="1.0" encoding="UTF-8"?>
<!-- Generated by org.testng.reporters.JUnitReportReporter -->
<testsuite hostname="Paulos-MacBook-Air.local" failures="0" tests="1" name="Test02.Test02.Q3.TargetSearchTest" time="4.109" errors="0" timestamp="26 Jul 2024 00:44:28 GMT">
  <testcase classname="Test02.Test02.Q3.TargetSearchTest" name="testTargetSearch" time="4.109"/>
</testsuite> <!-- Test02.Test02.Q3.TargetSearchTest -->
